<?xml version="1.0" encoding="UTF-8"?>
<!-- Generated by org.testng.reporters.JUnitXMLReporter -->
<testsuite ignored="0" hostname="Sudhakar" failures="0" tests="5" name="Default test" time="27.243" errors="0" timestamp="2024-12-16T13:49:45 IST">
  <testcase classname="Day45.datapro" name="login" time="4.761"/>
  <testcase classname="Day45.datapro" name="login" time="3.678"/>
  <testcase classname="Day45.datapro" name="login" time="3.664"/>
  <testcase classname="Day45.datapro" name="login" time="3.789"/>
  <testcase classname="Day45.datapro" name="login" time="3.864"/>
</testsuite> <!-- Default test -->
