<?xml version="1.0" encoding="UTF-8"?>
<!-- Generated by org.testng.reporters.JUnitXMLReporter -->
<testsuite ignored="0" hostname="Sudhakar" failures="0" tests="8" name="groupingtest" time="0.123" errors="0" timestamp="2024-10-13T08:44:11 IST">
  <testcase classname="Day44.logintest" name="loginbyfasebook" time="0.019"/>
  <testcase classname="Day44.logintest" name="email" time="0.003"/>
  <testcase classname="Day44.logintest" name="loginbytwitter" time="0.003"/>
  <testcase classname="Day44.signuptest" name="signupbyfacebook" time="0.003"/>
  <testcase classname="Day44.signuptest" name="signupbyemail" time="0.004"/>
  <testcase classname="Day44.signuptest" name="signupbytwitter" time="0.001"/>
  <testcase classname="Day44.paymentinruppes" name="paymentinruppess" time="0.003"/>
  <testcase classname="Day44.paymentinruppes" name="paymentindollers" time="0.002"/>
</testsuite> <!-- groupingtest -->
