<?xml version="1.0" encoding="UTF-8"?>
<!-- Generated by org.testng.reporters.JUnitXMLReporter -->
<testsuite ignored="7" hostname="Sudhakar" failures="0" tests="4" name="testgr" time="0.099" errors="0" timestamp="2024-10-13T15:58:35 IST">
  <testcase classname="Day44.m1" name="search" time="0.019"/>
  <testcase classname="Day44.m2" name="loginfb" time="0.002"/>
  <testcase classname="Day44.m2" name="loginflipcart" time="0.003"/>
  <testcase classname="Day44.m2" name="loginmesho" time="0.002"/>
  <testcase classname="Day44.m1" name="login" time="0.0">
    <ignored/>
  </testcase> <!-- login -->
  <testcase classname="Day44.m3" name="signupmesho" time="0.0">
    <ignored/>
  </testcase> <!-- signupmesho -->
  <testcase classname="Day44.m1" name="logout" time="0.0">
    <ignored/>
  </testcase> <!-- logout -->
  <testcase classname="Day44.m1" name="advsearch" time="0.0">
    <ignored/>
  </testcase> <!-- advsearch -->
  <testcase classname="Day44.m3" name="signupflipcart" time="0.0">
    <ignored/>
  </testcase> <!-- signupflipcart -->
  <testcase classname="Day44.m3" name="signupfb" time="0.0">
    <ignored/>
  </testcase> <!-- signupfb -->
  <testcase classname="Day44.m1" name="openapp" time="0.0">
    <ignored/>
  </testcase> <!-- openapp -->
</testsuite> <!-- testgr -->
