<?xml version="1.0" encoding="UTF-8"?>
<!-- Generated by org.testng.reporters.JUnitXMLReporter -->
<testsuite ignored="0" hostname="Sudhakar" failures="0" tests="11" name="testgr2" time="0.058" errors="0" timestamp="2024-10-13T16:07:17 IST">
  <testcase classname="Day44.m1" name="openapp" time="0.002"/>
  <testcase classname="Day44.m1" name="login" time="0.002"/>
  <testcase classname="Day44.m1" name="search" time="0.013"/>
  <testcase classname="Day44.m1" name="advsearch" time="0.001"/>
  <testcase classname="Day44.m1" name="logout" time="0.002"/>
  <testcase classname="Day44.m2" name="loginfb" time="0.001"/>
  <testcase classname="Day44.m2" name="loginflipcart" time="0.001"/>
  <testcase classname="Day44.m2" name="loginmesho" time="0.001"/>
  <testcase classname="Day44.m3" name="signupfb" time="0.002"/>
  <testcase classname="Day44.m3" name="signupflipcart" time="0.0"/>
  <testcase classname="Day44.m3" name="signupmesho" time="0.002"/>
</testsuite> <!-- testgr2 -->
