<?xml version="1.0" encoding="UTF-8"?>
<!-- Generated by org.testng.reporters.JUnitXMLReporter -->
<testsuite ignored="0" hostname="Sudhakar" failures="0" tests="6" name="mytest" time="0.13" errors="0" timestamp="2024-10-11T11:36:21 IST">
  <testcase classname="Day42.firsttestcase" name="login" time="0.02"/>
  <testcase classname="Day42.firsttestcase" name="logout" time="0.002"/>
  <testcase classname="Day42.firsttestcase" name="openapp" time="0.005"/>
  <testcase classname="Day42.secoundtest" name="lastname" time="0.002"/>
  <testcase classname="Day42.secoundtest" name="firstname" time="0.005"/>
  <testcase classname="Day42.secoundtest" name="fathersname" time="0.01"/>
</testsuite> <!-- mytest -->
